2026-05-28 23:26:59,072 INFO o.a.j.u.JMeterUtils: Setting Locale to en_EN
2026-05-28 23:26:59,107 INFO o.a.j.JMeter: Loading user properties from: F:\Important\Study\ITMO\Semester_6\6.Testing\apache-jmeter-5.6.3\apache-jmeter-5.6.3\bin\user.properties
2026-05-28 23:26:59,108 INFO o.a.j.JMeter: Loading system properties from: F:\Important\Study\ITMO\Semester_6\6.Testing\apache-jmeter-5.6.3\apache-jmeter-5.6.3\bin\system.properties
2026-05-28 23:26:59,120 INFO o.a.j.JMeter: Copyright (c) 1998-2024 The Apache Software Foundation
2026-05-28 23:26:59,120 INFO o.a.j.JMeter: Version 5.6.3
2026-05-28 23:26:59,120 INFO o.a.j.JMeter: java.version=21.0.9
2026-05-28 23:26:59,120 INFO o.a.j.JMeter: java.vm.name=Java HotSpot(TM) 64-Bit Server VM
2026-05-28 23:26:59,120 INFO o.a.j.JMeter: os.name=Windows 11
2026-05-28 23:26:59,120 INFO o.a.j.JMeter: os.arch=amd64
2026-05-28 23:26:59,121 INFO o.a.j.JMeter: os.version=10.0
2026-05-28 23:26:59,121 INFO o.a.j.JMeter: file.encoding=UTF-8
2026-05-28 23:26:59,121 INFO o.a.j.JMeter: java.awt.headless=true
2026-05-28 23:26:59,121 INFO o.a.j.JMeter: Max memory     =1073741824
2026-05-28 23:26:59,121 INFO o.a.j.JMeter: Available Processors =24
2026-05-28 23:26:59,138 INFO o.a.j.JMeter: Default Locale=English (EN)
2026-05-28 23:26:59,138 INFO o.a.j.JMeter: JMeter  Locale=English (EN)
2026-05-28 23:26:59,139 INFO o.a.j.JMeter: JMeterHome=F:\Important\Study\ITMO\Semester_6\6.Testing\apache-jmeter-5.6.3\apache-jmeter-5.6.3
2026-05-28 23:26:59,139 INFO o.a.j.JMeter: user.dir  =F:\Important\Study\ITMO\Semester_6\6.Testing\lab4_jmeter_package\lab4_jmeter_package
2026-05-28 23:26:59,139 INFO o.a.j.JMeter: PWD       =F:\Important\Study\ITMO\Semester_6\6.Testing\lab4_jmeter_package\lab4_jmeter_package
2026-05-28 23:26:59,151 INFO o.a.j.JMeter: IP: 192.168.0.101 Name: PHANNGOCTUAN FullName: PHANNGOCTUAN
2026-05-28 23:26:59,179 INFO o.a.j.s.FileServer: Default base='F:\Important\Study\ITMO\Semester_6\6.Testing\lab4_jmeter_package\lab4_jmeter_package'
2026-05-28 23:26:59,181 INFO o.a.j.s.FileServer: Set new base='F:\Important\Study\ITMO\Semester_6\6.Testing\lab4_jmeter_package\lab4_jmeter_package\.\jmeter'
2026-05-28 23:26:59,522 INFO o.a.j.s.SaveService: Testplan (JMX) version: 2.2. Testlog (JTL) version: 2.2
2026-05-28 23:26:59,575 INFO o.a.j.s.SaveService: Using SaveService properties version 5.0
2026-05-28 23:26:59,581 INFO o.a.j.s.SaveService: Using SaveService properties file encoding UTF-8
2026-05-28 23:26:59,587 INFO o.a.j.s.SaveService: Loading file: .\jmeter\stress_config3_30users.jmx
2026-05-28 23:26:59,713 INFO o.a.j.p.h.s.HTTPSamplerBase: Parser for text/html is org.apache.jmeter.protocol.http.parser.LagartoBasedHtmlParser
2026-05-28 23:26:59,713 INFO o.a.j.p.h.s.HTTPSamplerBase: Parser for application/xhtml+xml is org.apache.jmeter.protocol.http.parser.LagartoBasedHtmlParser
2026-05-28 23:26:59,714 INFO o.a.j.p.h.s.HTTPSamplerBase: Parser for application/xml is org.apache.jmeter.protocol.http.parser.LagartoBasedHtmlParser
2026-05-28 23:26:59,714 INFO o.a.j.p.h.s.HTTPSamplerBase: Parser for text/xml is org.apache.jmeter.protocol.http.parser.LagartoBasedHtmlParser
2026-05-28 23:26:59,714 INFO o.a.j.p.h.s.HTTPSamplerBase: Parser for text/vnd.wap.wml is org.apache.jmeter.protocol.http.parser.RegexpHTMLParser
2026-05-28 23:26:59,714 INFO o.a.j.p.h.s.HTTPSamplerBase: Parser for text/css is org.apache.jmeter.protocol.http.parser.CssParser
2026-05-28 23:26:59,750 INFO o.a.j.JMeter: Creating summariser <summary>
2026-05-28 23:26:59,782 INFO o.a.j.e.StandardJMeterEngine: Running the test!
2026-05-28 23:26:59,784 INFO o.a.j.s.SampleEvent: List of sample_variables: []
2026-05-28 23:26:59,784 INFO o.a.j.s.SampleEvent: List of sample_variables: []
2026-05-28 23:26:59,792 INFO o.a.j.e.u.CompoundVariable: Note: Function class names must contain the string: '.functions.'
2026-05-28 23:26:59,792 INFO o.a.j.e.u.CompoundVariable: Note: Function class names must not contain the string: '.gui.'
2026-05-28 23:26:59,915 INFO o.a.j.JMeter: Running test (1780000019915)
2026-05-28 23:26:59,934 INFO o.a.j.e.StandardJMeterEngine: Starting ThreadGroup: 1 : Stress config 3: 30 users
2026-05-28 23:26:59,936 INFO o.a.j.e.StandardJMeterEngine: Starting 30 threads for group Stress config 3: 30 users.
2026-05-28 23:26:59,936 INFO o.a.j.e.StandardJMeterEngine: Thread will continue on error
2026-05-28 23:26:59,936 INFO o.a.j.t.ThreadGroup: Starting thread group... number=1 threads=30 ramp-up=60 delayedStart=false
2026-05-28 23:26:59,946 INFO o.a.j.t.JMeterThread: Thread started: Stress config 3: 30 users 1-1
2026-05-28 23:26:59,962 INFO o.a.j.t.ThreadGroup: Started thread group number 1
2026-05-28 23:26:59,962 INFO o.a.j.e.StandardJMeterEngine: All thread groups have been started
2026-05-28 23:27:00,031 INFO o.a.j.p.h.s.HTTPHCAbstractImpl: Local host = PHANNGOCTUAN
2026-05-28 23:27:00,041 INFO o.a.j.p.h.s.HTTPHC4Impl: HTTP request retry count = 0
2026-05-28 23:27:00,044 INFO o.a.j.s.SampleResult: Note: Sample TimeStamps are START times
2026-05-28 23:27:00,044 INFO o.a.j.s.SampleResult: sampleresult.default.encoding is set to UTF-8
2026-05-28 23:27:00,044 INFO o.a.j.s.SampleResult: sampleresult.useNanoTime=true
2026-05-28 23:27:00,044 INFO o.a.j.s.SampleResult: sampleresult.nanoThreadSleep=5000
2026-05-28 23:27:00,563 INFO o.a.j.r.Summariser: summary +      1 in 00:00:01 =    1.6/s Avg:   400 Min:   400 Max:   400 Err:     0 (0.00%) Active: 1 Started: 1 Finished: 0
2026-05-28 23:27:01,942 INFO o.a.j.t.JMeterThread: Thread started: Stress config 3: 30 users 1-2
2026-05-28 23:27:03,941 INFO o.a.j.t.JMeterThread: Thread started: Stress config 3: 30 users 1-3
2026-05-28 23:27:05,941 INFO o.a.j.t.JMeterThread: Thread started: Stress config 3: 30 users 1-4
2026-05-28 23:27:07,940 INFO o.a.j.t.JMeterThread: Thread started: Stress config 3: 30 users 1-5
2026-05-28 23:27:09,940 INFO o.a.j.t.JMeterThread: Thread started: Stress config 3: 30 users 1-6
2026-05-28 23:27:11,947 INFO o.a.j.t.JMeterThread: Thread started: Stress config 3: 30 users 1-7
2026-05-28 23:27:13,937 INFO o.a.j.t.JMeterThread: Thread started: Stress config 3: 30 users 1-8
2026-05-28 23:27:15,938 INFO o.a.j.t.JMeterThread: Thread started: Stress config 3: 30 users 1-9
2026-05-28 23:27:17,940 INFO o.a.j.t.JMeterThread: Thread started: Stress config 3: 30 users 1-10
2026-05-28 23:27:19,938 INFO o.a.j.t.JMeterThread: Thread started: Stress config 3: 30 users 1-11
2026-05-28 23:27:21,938 INFO o.a.j.t.JMeterThread: Thread started: Stress config 3: 30 users 1-12
2026-05-28 23:27:23,939 INFO o.a.j.t.JMeterThread: Thread started: Stress config 3: 30 users 1-13
2026-05-28 23:27:25,940 INFO o.a.j.t.JMeterThread: Thread started: Stress config 3: 30 users 1-14
2026-05-28 23:27:27,939 INFO o.a.j.t.JMeterThread: Thread started: Stress config 3: 30 users 1-15
2026-05-28 23:27:29,939 INFO o.a.j.t.JMeterThread: Thread started: Stress config 3: 30 users 1-16
2026-05-28 23:27:31,221 INFO o.a.j.r.Summariser: summary +     60 in 00:00:31 =    2.0/s Avg:  3282 Min:   328 Max:  5868 Err:     0 (0.00%) Active: 16 Started: 16 Finished: 0
2026-05-28 23:27:31,224 INFO o.a.j.r.Summariser: summary =     61 in 00:00:31 =    1.9/s Avg:  3235 Min:   328 Max:  5868 Err:     0 (0.00%)
2026-05-28 23:27:31,937 INFO o.a.j.t.JMeterThread: Thread started: Stress config 3: 30 users 1-17
2026-05-28 23:27:33,938 INFO o.a.j.t.JMeterThread: Thread started: Stress config 3: 30 users 1-18
2026-05-28 23:27:35,939 INFO o.a.j.t.JMeterThread: Thread started: Stress config 3: 30 users 1-19
2026-05-28 23:27:37,937 INFO o.a.j.t.JMeterThread: Thread started: Stress config 3: 30 users 1-20
2026-05-28 23:27:39,938 INFO o.a.j.t.JMeterThread: Thread started: Stress config 3: 30 users 1-21
2026-05-28 23:27:41,937 INFO o.a.j.t.JMeterThread: Thread started: Stress config 3: 30 users 1-22
2026-05-28 23:27:43,943 INFO o.a.j.t.JMeterThread: Thread started: Stress config 3: 30 users 1-23
2026-05-28 23:27:45,943 INFO o.a.j.t.JMeterThread: Thread started: Stress config 3: 30 users 1-24
2026-05-28 23:27:47,936 INFO o.a.j.t.JMeterThread: Thread started: Stress config 3: 30 users 1-25
2026-05-28 23:27:49,938 INFO o.a.j.t.JMeterThread: Thread started: Stress config 3: 30 users 1-26
2026-05-28 23:27:51,939 INFO o.a.j.t.JMeterThread: Thread started: Stress config 3: 30 users 1-27
2026-05-28 23:27:53,938 INFO o.a.j.t.JMeterThread: Thread started: Stress config 3: 30 users 1-28
2026-05-28 23:27:55,937 INFO o.a.j.t.JMeterThread: Thread started: Stress config 3: 30 users 1-29
2026-05-28 23:27:57,938 INFO o.a.j.t.JMeterThread: Thread started: Stress config 3: 30 users 1-30
2026-05-28 23:28:01,675 INFO o.a.j.r.Summariser: summary +    258 in 00:00:30 =    8.5/s Avg:  2197 Min:   385 Max:  7546 Err:     0 (0.00%) Active: 30 Started: 30 Finished: 0
2026-05-28 23:28:01,676 INFO o.a.j.r.Summariser: summary =    319 in 00:01:02 =    5.2/s Avg:  2395 Min:   328 Max:  7546 Err:     0 (0.00%)
2026-05-28 23:28:30,477 INFO o.a.j.r.Summariser: summary +    173 in 00:00:29 =    6.0/s Avg:  5187 Min:  3752 Max:  6441 Err:     0 (0.00%) Active: 30 Started: 30 Finished: 0
2026-05-28 23:28:30,478 INFO o.a.j.r.Summariser: summary =    492 in 00:01:31 =    5.4/s Avg:  3377 Min:   328 Max:  7546 Err:     0 (0.00%)
2026-05-28 23:29:02,188 INFO o.a.j.r.Summariser: summary +    277 in 00:00:32 =    8.7/s Avg:  2582 Min:   416 Max:  7642 Err:     0 (0.00%) Active: 30 Started: 30 Finished: 0
2026-05-28 23:29:02,190 INFO o.a.j.r.Summariser: summary =    769 in 00:02:02 =    6.3/s Avg:  3091 Min:   328 Max:  7642 Err:     0 (0.00%)
2026-05-28 23:29:30,152 INFO o.a.j.r.Summariser: summary +    593 in 00:00:28 =   21.2/s Avg:   899 Min:   366 Max:  7652 Err:     0 (0.00%) Active: 30 Started: 30 Finished: 0
2026-05-28 23:29:30,153 INFO o.a.j.r.Summariser: summary =   1362 in 00:02:30 =    9.1/s Avg:  2137 Min:   328 Max:  7652 Err:     0 (0.00%)
2026-05-28 23:29:59,761 INFO o.a.j.t.JMeterThread: Thread finished: Stress config 3: 30 users 1-13
2026-05-28 23:29:59,761 INFO o.a.j.t.JMeterThread: Thread finished: Stress config 3: 30 users 1-14
2026-05-28 23:29:59,761 INFO o.a.j.t.JMeterThread: Thread finished: Stress config 3: 30 users 1-6
2026-05-28 23:29:59,761 INFO o.a.j.t.JMeterThread: Thread finished: Stress config 3: 30 users 1-29
2026-05-28 23:29:59,761 INFO o.a.j.t.JMeterThread: Thread finished: Stress config 3: 30 users 1-9
2026-05-28 23:29:59,781 INFO o.a.j.t.JMeterThread: Thread finished: Stress config 3: 30 users 1-15
2026-05-28 23:29:59,781 INFO o.a.j.t.JMeterThread: Thread finished: Stress config 3: 30 users 1-17
2026-05-28 23:29:59,781 INFO o.a.j.t.JMeterThread: Thread finished: Stress config 3: 30 users 1-4
2026-05-28 23:29:59,781 INFO o.a.j.t.JMeterThread: Thread finished: Stress config 3: 30 users 1-2
2026-05-28 23:29:59,781 INFO o.a.j.t.JMeterThread: Thread finished: Stress config 3: 30 users 1-8
2026-05-28 23:29:59,781 INFO o.a.j.t.JMeterThread: Thread finished: Stress config 3: 30 users 1-22
2026-05-28 23:29:59,781 INFO o.a.j.t.JMeterThread: Thread finished: Stress config 3: 30 users 1-10
2026-05-28 23:29:59,786 INFO o.a.j.t.JMeterThread: Thread finished: Stress config 3: 30 users 1-26
2026-05-28 23:29:59,786 INFO o.a.j.t.JMeterThread: Thread finished: Stress config 3: 30 users 1-30
2026-05-28 23:29:59,793 INFO o.a.j.t.JMeterThread: Thread finished: Stress config 3: 30 users 1-5
2026-05-28 23:29:59,793 INFO o.a.j.t.JMeterThread: Thread finished: Stress config 3: 30 users 1-18
2026-05-28 23:29:59,800 INFO o.a.j.t.JMeterThread: Thread finished: Stress config 3: 30 users 1-24
2026-05-28 23:29:59,800 INFO o.a.j.t.JMeterThread: Thread finished: Stress config 3: 30 users 1-1
2026-05-28 23:29:59,800 INFO o.a.j.t.JMeterThread: Thread finished: Stress config 3: 30 users 1-3
2026-05-28 23:29:59,818 INFO o.a.j.t.JMeterThread: Thread finished: Stress config 3: 30 users 1-21
2026-05-28 23:29:59,818 INFO o.a.j.t.JMeterThread: Thread finished: Stress config 3: 30 users 1-7
2026-05-28 23:29:59,818 INFO o.a.j.t.JMeterThread: Thread finished: Stress config 3: 30 users 1-27
2026-05-28 23:29:59,818 INFO o.a.j.t.JMeterThread: Thread finished: Stress config 3: 30 users 1-12
2026-05-28 23:30:00,153 INFO o.a.j.r.Summariser: summary +    600 in 00:00:30 =   20.0/s Avg:   612 Min:   561 Max:   741 Err:     0 (0.00%) Active: 7 Started: 30 Finished: 23
2026-05-28 23:30:00,155 INFO o.a.j.r.Summariser: summary =   1962 in 00:03:00 =   10.9/s Avg:  1670 Min:   328 Max:  7652 Err:     0 (0.00%)
2026-05-28 23:30:00,156 INFO o.a.j.t.JMeterThread: Stopping because end time detected by thread: Stress config 3: 30 users 1-23
2026-05-28 23:30:00,157 INFO o.a.j.t.JMeterThread: Thread finished: Stress config 3: 30 users 1-23
2026-05-28 23:30:00,178 INFO o.a.j.t.JMeterThread: Stopping because end time detected by thread: Stress config 3: 30 users 1-25
2026-05-28 23:30:00,178 INFO o.a.j.t.JMeterThread: Thread finished: Stress config 3: 30 users 1-25
2026-05-28 23:30:00,497 INFO o.a.j.t.JMeterThread: Stopping because end time detected by thread: Stress config 3: 30 users 1-16
2026-05-28 23:30:00,497 INFO o.a.j.t.JMeterThread: Thread finished: Stress config 3: 30 users 1-16
2026-05-28 23:30:00,509 INFO o.a.j.t.JMeterThread: Stopping because end time detected by thread: Stress config 3: 30 users 1-11
2026-05-28 23:30:00,509 INFO o.a.j.t.JMeterThread: Thread finished: Stress config 3: 30 users 1-11
2026-05-28 23:30:00,510 INFO o.a.j.t.JMeterThread: Stopping because end time detected by thread: Stress config 3: 30 users 1-19
2026-05-28 23:30:00,510 INFO o.a.j.t.JMeterThread: Stopping because end time detected by thread: Stress config 3: 30 users 1-28
2026-05-28 23:30:00,515 INFO o.a.j.t.JMeterThread: Thread finished: Stress config 3: 30 users 1-19
2026-05-28 23:30:00,515 INFO o.a.j.t.JMeterThread: Thread finished: Stress config 3: 30 users 1-28
2026-05-28 23:30:00,519 INFO o.a.j.t.JMeterThread: Stopping because end time detected by thread: Stress config 3: 30 users 1-20
2026-05-28 23:30:00,520 INFO o.a.j.t.JMeterThread: Thread finished: Stress config 3: 30 users 1-20
2026-05-28 23:30:00,521 INFO o.a.j.e.StandardJMeterEngine: Notifying test listeners of end of test
2026-05-28 23:30:00,522 INFO o.a.j.r.Summariser: summary +      6 in 00:00:00 =   16.2/s Avg:   623 Min:   613 Max:   631 Err:     0 (0.00%) Active: 0 Started: 30 Finished: 30
2026-05-28 23:30:00,524 INFO o.a.j.r.Summariser: summary =   1968 in 00:03:01 =   10.9/s Avg:  1667 Min:   328 Max:  7652 Err:     0 (0.00%)
